{"/Users/siyuan/Documents/www/test-project/vitest-dev-vitest-3gncnu/src/index.vue": {"path":"/Users/siyuan/Documents/www/test-project/vitest-dev-vitest-3gncnu/src/index.vue","statementMap":{"0":{"start":{"line":12,"column":15},"end":{"line":18,"column":1}},"1":{"start":{"line":14,"column":4},"end":{"line":16,"column":null}},"2":{"start":{"line":15,"column":6},"end":{"line":15,"column":null}},"3":{"start":{"line":2,"column":8},"end":{"line":2,"column":null}},"4":{"start":{"line":2,"column":2},"end":{"line":7,"column":null}}},"fnMap":{"0":{"name":"(anonymous_0)","decl":{"start":{"line":13,"column":2},"end":{"line":13,"column":3}},"loc":{"start":{"line":13,"column":10},"end":{"line":17,"column":3}}},"1":{"name":"(anonymous_1)","decl":{"start":{"line":14,"column":14},"end":{"line":14,"column":15}},"loc":{"start":{"line":14,"column":20},"end":{"line":16,"column":5}}}},"branchMap":{},"s":{"0":1,"1":1,"2":1,"3":1,"4":1},"f":{"0":1,"1":1},"b":{}}
}
